#
# A fatal error has been detected by the Java Runtime Environment:
#
#  SIGSEGV (0xb) at pc=0x00007fff99bdc8f2, pid=35581, tid=1811
#
# JRE version: Java(TM) SE Runtime Environment (8.0_51-b16) (build 1.8.0_51-b16)
# Java VM: Java HotSpot(TM) 64-Bit Server VM (25.51-b03 mixed mode bsd-amd64 compressed oops)
# Problematic frame:
# C  [libGPUSupportMercury.dylib+0xb8f2]  gldAttachDrawable+0x60
#
# Failed to write core dump. Core dumps have been disabled. To enable core dumping, try "ulimit -c unlimited" before starting Java again
#
# If you would like to submit a bug report, please visit:
#   http://bugreport.java.com/bugreport/crash.jsp
# The crash happened outside the Java Virtual Machine in native code.
# See problematic frame for where to report the bug.
#

---------------  T H R E A D  ---------------

Current thread (0x00007ff2f304f000):  JavaThread "AppKit Thread" daemon [_thread_in_native, id=1811, stack(0x00007fff54585000,0x00007fff54d85000)]

siginfo: si_signo: 11 (SIGSEGV), si_code: 0 (unknown), si_addr: 0x0000000000000000

Registers:
RAX=0xa000000000000000, RBX=0x000000000000271e, RCX=0x0000000000000000, RDX=0x00007ff2f16693b8
RSP=0x00007fff54d7ee30, RBP=0x00007fff54d7ef30, RSI=0x0000000000000050, RDI=0x00007fff7c463070
R8 =0x00007ff2f4809e60, R9 =0x00007ff2f4000000, R10=0x000000000000003c, R11=0x0000000000000206
R12=0x0000000000002718, R13=0x00007ff2f3123600, R14=0x0000000000000050, R15=0x0000000000000000
RIP=0x00007fff99bdc8f2, EFLAGS=0x0000000000010212, ERR=0x0000000000000000
  TRAPNO=0x000000000000000d

Top of Stack: (sp=0x00007fff54d7ee30)
0x00007fff54d7ee30:   00007fff54d7eea4 00007ff2f1419760
0x00007fff54d7ee40:   ffffffffffffffff 0000206000000040
0x00007fff54d7ee50:   00007ff2f1419778 00007fff8c45164f
0x00007fff54d7ee60:   0000000000000000 a000000000000000
0x00007fff54d7ee70:   0000000300000003 00007fff54d7efb8
0x00007fff54d7ee80:   00007fff54d7ef44 000000000002c5fb
0x00007fff54d7ee90:   00007fff54d7ef3c 00007fff54d7ef40
0x00007fff54d7eea0:   00007fff54d7ef20 00007fff90268299
0x00007fff54d7eeb0:   0000000000000000 0000000000001585
0x00007fff54d7eec0:   0000003400001200 0000040b00000000
0x00007fff54d7eed0:   00007fff54d7ef00 00007fff90201a9a
0x00007fff54d7eee0:   00007fff54d7ef78 0000000000001585
0x00007fff54d7eef0:   00007fff54d7ef30 0000000015df72db
0x00007fff54d7ef00:   2c008be299649e34 00007ff2f4800000
0x00007fff54d7ef10:   0000000000002718 0000000000000000
0x00007fff54d7ef20:   0000000000000050 0000000000000000
0x00007fff54d7ef30:   00007fff54d7ef80 00007fff9637b7e8
0x00007fff54d7ef40:   00007ff2f4809e60 0000000000000000
0x00007fff54d7ef50:   00007ff2f16693b8 00007ff2f1604590
0x00007fff54d7ef60:   0000000000000000 00007ff2f311ff50
0x00007fff54d7ef70:   00007ff2f311e000 00007fff7c463070
0x00007fff54d7ef80:   00007fff54d7f070 00007fff92855870
0x00007fff54d7ef90:   4088000000000000 4047800000000000
0x00007fff54d7efa0:   4037000000000000 4095580000000000
0x00007fff54d7efb0:   4088b00000000000 0000000000000000
0x00007fff54d7efc0:   4036000000000000 4095580000000000
0x00007fff54d7efd0:   4088000000000000 0000000000000000
0x00007fff54d7efe0:   0000000000000000 0000000000000001
0x00007fff54d7eff0:   00007ff2f16693b8 0000000000000001
0x00007fff54d7f000:   00007fff54d7f070 00007fff9285a66b
0x00007fff54d7f010:   0000000100000003 00007ff2f311ff50
0x00007fff54d7f020:   00007ff2f311fe88 000000028e14ffff 

Instructions: (pc=0x00007fff99bdc8f2)
0x00007fff99bdc8d2:   48 85 d2 b8 01 00 00 00 bb 15 27 00 00 0f 44 d8
0x00007fff99bdc8e2:   e9 7f 01 00 00 49 8b 45 08 48 89 85 38 ff ff ff
0x00007fff99bdc8f2:   48 8b 00 48 89 85 30 ff ff ff 83 fe 4f 0f 8f fd
0x00007fff99bdc902:   00 00 00 48 89 d0 bb 15 27 00 00 83 fe 35 0f 84 

Register to memory mapping:

RAX=0xa000000000000000 is an unknown value
RBX=0x000000000000271e is an unknown value
RCX=0x0000000000000000 is an unknown value
RDX=0x00007ff2f16693b8 is an unknown value
RSP=0x00007fff54d7ee30 is pointing into the stack for thread: 0x00007ff2f304f000
RBP=0x00007fff54d7ef30 is pointing into the stack for thread: 0x00007ff2f304f000
RSI=0x0000000000000050 is an unknown value
RDI=0x00007fff7c463070: __stack_chk_guard+0 in /usr/lib/system/libsystem_c.dylib at 0x00007fff8efa7000
R8 =0x00007ff2f4809e60 is an unknown value
R9 =0x00007ff2f4000000 is an unknown value
R10=0x000000000000003c is an unknown value
R11=0x0000000000000206 is an unknown value
R12=0x0000000000002718 is an unknown value
R13=0x00007ff2f3123600 is an unknown value
R14=0x0000000000000050 is an unknown value
R15=0x0000000000000000 is an unknown value


Stack: [0x00007fff54585000,0x00007fff54d85000],  sp=0x00007fff54d7ee30,  free space=8167k
Native frames: (J=compiled Java code, j=interpreted, Vv=VM code, C=native code)
C  [libGPUSupportMercury.dylib+0xb8f2]  gldAttachDrawable+0x60
C  [GLEngine+0x167e8]  gliAttachDrawableWithOptions+0x101
C  [OpenGL+0x3870]  glcGetIOAccelService+0xe03
C  [OpenGL+0x7412]  CGLSetPBuffer+0xb90
C  [OpenGL+0x7735]  CGLSetSurface+0x124
C  [AppKit+0x332c34]  NSOpenGLContextAttachOnScreenViewSurface+0x109
C  [AppKit+0x31db7c]  -[NSOpenGLContext setView:]+0x83
C  [liblwjgl.dylib+0xa586]  -[MacOSXOpenGLView lockFocus]+0x76
C  [AppKit+0xe1f45]  -[NSView _recursiveDisplayRectIfNeededIgnoringOpacity:isVisibleRect:rectIsVisibleRectForView:topView:]+0x740
C  [AppKit+0xe2fa0]  -[NSView _recursiveDisplayRectIfNeededIgnoringOpacity:isVisibleRect:rectIsVisibleRectForView:topView:]+0x179b
C  [AppKit+0xe12f3]  -[NSThemeFrame _recursiveDisplayRectIfNeededIgnoringOpacity:isVisibleRect:rectIsVisibleRectForView:topView:]+0x14d
C  [AppKit+0xdd68b]  -[NSView _displayRectIgnoringOpacity:isVisibleRect:rectIsVisibleRectForView:]+0xac9
C  [AppKit+0x951ae]  -[NSView displayIfNeeded]+0x754
C  [AppKit+0x94a09]  -[NSWindow displayIfNeeded]+0xec
C  [AppKit+0x94672]  _handleWindowNeedsDisplayOrLayoutOrUpdateConstraints+0x3a8
C  [AppKit+0x7ca171]  __83-[NSWindow _postWindowNeedsDisplayOrLayoutOrUpdateConstraintsUnlessPostingDisabled]_block_invoke1540+0x2e
C  [CoreFoundation+0x80127]  __CFRUNLOOP_IS_CALLING_OUT_TO_AN_OBSERVER_CALLBACK_FUNCTION__+0x17
C  [CoreFoundation+0x80080]  __CFRunLoopDoObservers+0x170
C  [CoreFoundation+0x72188]  __CFRunLoopRun+0x368
C  [CoreFoundation+0x71bd8]  CFRunLoopRunSpecific+0x128
C  [HIToolbox+0x3256f]  RunCurrentEventLoopInMode+0xeb
C  [HIToolbox+0x322ea]  ReceiveNextEventCommon+0x1af
C  [HIToolbox+0x3212b]  _BlockUntilNextEventMatchingListInModeWithFilter+0x47
C  [AppKit+0x918ab]  _DPSNextEvent+0x3d2
C  [AppKit+0x90e58]  -[NSApplication nextEventMatchingMask:untilDate:inMode:dequeue:]+0x15a
C  [libosxapp.dylib+0x242a]  -[NSApplicationAWT nextEventMatchingMask:untilDate:inMode:dequeue:]+0x7c
C  [AppKit+0x86af3]  -[NSApplication run]+0x252
C  [libosxapp.dylib+0x223e]  +[NSApplicationAWT runAWTLoopWithApp:]+0x9c
C  [libawt_lwawt.dylib+0x4454b]  -[AWTStarter starter:]+0x389
C  [Foundation+0x92dd0]  __NSThreadPerformPerform+0x125
C  [CoreFoundation+0x80a01]  __CFRUNLOOP_IS_CALLING_OUT_TO_A_SOURCE0_PERFORM_FUNCTION__+0x11
C  [CoreFoundation+0x72b8d]  __CFRunLoopDoSources0+0x10d
C  [CoreFoundation+0x721bf]  __CFRunLoopRun+0x39f
C  [CoreFoundation+0x71bd8]  CFRunLoopRunSpecific+0x128
C  [java+0x6463]  CreateExecutionEnvironment+0x367
C  [java+0x21ac]  JLI_Launch+0x7a0
C  [java+0x84c0]  main+0x65
C  [java+0x1a04]  start+0x34
C  0x0000000000000009


---------------  P R O C E S S  ---------------

Java Threads: ( => current thread )
  0x00007ff2f20dd800 JavaThread "AWT-Shutdown" [_thread_blocked, id=28691, stack(0x0000000123edb000,0x0000000123fdb000)]
=>0x00007ff2f304f000 JavaThread "AppKit Thread" daemon [_thread_in_native, id=1811, stack(0x00007fff54585000,0x00007fff54d85000)]
  0x00007ff2f2094800 JavaThread "Monitor Ctrl-Break" daemon [_thread_in_native, id=18947, stack(0x00000001223a3000,0x00000001224a3000)]
  0x00007ff2f2028800 JavaThread "Service Thread" daemon [_thread_blocked, id=17923, stack(0x0000000122013000,0x0000000122113000)]
  0x00007ff2f2027800 JavaThread "C1 CompilerThread2" daemon [_thread_blocked, id=17411, stack(0x0000000121f10000,0x0000000122010000)]
  0x00007ff2f2027000 JavaThread "C2 CompilerThread1" daemon [_thread_blocked, id=16899, stack(0x0000000121e0d000,0x0000000121f0d000)]
  0x00007ff2f3011000 JavaThread "C2 CompilerThread0" daemon [_thread_blocked, id=16387, stack(0x0000000121d0a000,0x0000000121e0a000)]
  0x00007ff2f282f000 JavaThread "Signal Dispatcher" daemon [_thread_blocked, id=12303, stack(0x0000000121c07000,0x0000000121d07000)]
  0x00007ff2f203e800 JavaThread "Finalizer" daemon [_thread_blocked, id=11523, stack(0x000000012027b000,0x000000012037b000)]
  0x00007ff2f200a000 JavaThread "Reference Handler" daemon [_thread_blocked, id=11011, stack(0x0000000120178000,0x0000000120278000)]
  0x00007ff2f200b000 JavaThread "main" [_thread_in_native, id=3331, stack(0x000000010bee4000,0x000000010bfe4000)]

Other Threads:
  0x00007ff2f282a000 VMThread [stack: 0x0000000120075000,0x0000000120175000] [id=10499]
  0x00007ff2f1813800 WatcherThread [stack: 0x0000000122116000,0x0000000122216000] [id=18435]

VM state:not at safepoint (normal execution)

VM Mutex/Monitor currently owned by a thread: None

Heap:
 PSYoungGen      total 18944K, used 10387K [0x00000007aab00000, 0x00000007ac000000, 0x00000007c0000000)
  eden space 16384K, 47% used [0x00000007aab00000,0x00000007ab2aab38,0x00000007abb00000)
  from space 2560K, 99% used [0x00000007abb00000,0x00000007abd7a148,0x00000007abd80000)
  to   space 2560K, 0% used [0x00000007abd80000,0x00000007abd80000,0x00000007ac000000)
 ParOldGen       total 44032K, used 2666K [0x0000000780000000, 0x0000000782b00000, 0x00000007aab00000)
  object space 44032K, 6% used [0x0000000780000000,0x000000078029ab18,0x0000000782b00000)
 Metaspace       used 7929K, capacity 8081K, committed 8320K, reserved 1056768K
  class space    used 818K, capacity 867K, committed 896K, reserved 1048576K

Card table byte_map: [0x000000011bdc0000,0x000000011bfc1000] byte_map_base: 0x00000001181c0000

Marking Bits: (ParMarkBitMap*) 0x000000010b83c7a0
 Begin Bits: [0x000000011c3cd000, 0x000000011d3cd000)
 End Bits:   [0x000000011d3cd000, 0x000000011e3cd000)

Polling page: 0x000000010c029000

CodeCache: size=245760Kb used=3520Kb max_used=3520Kb free=242239Kb
 bounds [0x000000010ca00000, 0x000000010cd80000, 0x000000011ba00000]
 total_blobs=1329 nmethods=915 adapters=328
 compilation: enabled

Compilation events (10 events):
Event: 8.464 Thread 0x00007ff2f2027800  909       3       java.lang.invoke.MethodType$ConcurrentWeakInternSet$WeakEntry::equals (49 bytes)
Event: 8.465 Thread 0x00007ff2f2027800 nmethod 909 0x000000010cd70550 code [0x000000010cd706e0, 0x000000010cd70d48]
Event: 8.465 Thread 0x00007ff2f2027800  913       3       jdk.internal.org.objectweb.asm.ClassWriter::put122 (15 bytes)
Event: 8.465 Thread 0x00007ff2f2027800 nmethod 913 0x000000010cd70090 code [0x000000010cd70220, 0x000000010cd70418]
Event: 8.465 Thread 0x00007ff2f2027800  912       3       sun.invoke.util.Wrapper::forBasicType (16 bytes)
Event: 8.465 Thread 0x00007ff2f2027800 nmethod 912 0x000000010cd6fbd0 code [0x000000010cd6fd60, 0x000000010cd6ffd8]
Event: 8.465 Thread 0x00007ff2f2027800  914       3       sun.invoke.util.BytecodeDescriptor::unparseSig (75 bytes)
Event: 8.466 Thread 0x00007ff2f2027800 nmethod 914 0x000000010cd71650 code [0x000000010cd718c0, 0x000000010cd72a68]
Event: 8.466 Thread 0x00007ff2f2027800  910       1       java.lang.invoke.MethodTypeForm::basicType (5 bytes)
Event: 8.466 Thread 0x00007ff2f2027800 nmethod 910 0x000000010cd6f910 code [0x000000010cd6fa60, 0x000000010cd6fb70]

GC Heap History (2 events):
Event: 2.884 GC heap before
{Heap before GC invocations=1 (full 0):
 PSYoungGen      total 18944K, used 16316K [0x00000007aab00000, 0x00000007ac000000, 0x00000007c0000000)
  eden space 16384K, 99% used [0x00000007aab00000,0x00000007abaef2f8,0x00000007abb00000)
  from space 2560K, 0% used [0x00000007abd80000,0x00000007abd80000,0x00000007ac000000)
  to   space 2560K, 0% used [0x00000007abb00000,0x00000007abb00000,0x00000007abd80000)
 ParOldGen       total 44032K, used 0K [0x0000000780000000, 0x0000000782b00000, 0x00000007aab00000)
  object space 44032K, 0% used [0x0000000780000000,0x0000000780000000,0x0000000782b00000)
 Metaspace       used 7207K, capacity 7339K, committed 7552K, reserved 1056768K
  class space    used 736K, capacity 792K, committed 896K, reserved 1048576K
Event: 2.895 GC heap after
Heap after GC invocations=1 (full 0):
 PSYoungGen      total 18944K, used 2536K [0x00000007aab00000, 0x00000007ac000000, 0x00000007c0000000)
  eden space 16384K, 0% used [0x00000007aab00000,0x00000007aab00000,0x00000007abb00000)
  from space 2560K, 99% used [0x00000007abb00000,0x00000007abd7a148,0x00000007abd80000)
  to   space 2560K, 0% used [0x00000007abd80000,0x00000007abd80000,0x00000007ac000000)
 ParOldGen       total 44032K, used 2666K [0x0000000780000000, 0x0000000782b00000, 0x00000007aab00000)
  object space 44032K, 6% used [0x0000000780000000,0x000000078029ab18,0x0000000782b00000)
 Metaspace       used 7207K, capacity 7339K, committed 7552K, reserved 1056768K
  class space    used 736K, capacity 792K, committed 896K, reserved 1048576K
}

Deoptimization events (3 events):
Event: 0.325 Thread 0x00007ff2f200b000 Uncommon trap: reason=unstable_if action=reinterpret pc=0x000000010cb2732c method=java.lang.String.hashCode()I @ 14
Event: 3.145 Thread 0x00007ff2f200b000 Uncommon trap: reason=unstable_if action=reinterpret pc=0x000000010cc9b488 method=com.jcraft.jogg.Buffer.read(I)I @ 23
Event: 3.227 Thread 0x00007ff2f200b000 Uncommon trap: reason=unstable_if action=reinterpret pc=0x000000010cca61b8 method=org.newdawn.slick.openal.OggInputStream.atEnd()Z @ 4

Internal exceptions (10 events):
Event: 0.905 Thread 0x00007ff2f200b000 Exception <a 'java/io/FileNotFoundException'> (0x00000007aaebf1e8) thrown at [/Users/java_re/workspace/8-2-build-macosx-x86_64/jdk8u51/3951/hotspot/src/share/vm/prims/jni.cpp, line 709]
Event: 0.905 Thread 0x00007ff2f200b000 Exception <a 'java/io/FileNotFoundException'> (0x00000007aaebfd30) thrown at [/Users/java_re/workspace/8-2-build-macosx-x86_64/jdk8u51/3951/hotspot/src/share/vm/prims/jni.cpp, line 709]
Event: 1.000 Thread 0x00007ff2f304f000 Exception <a 'java/lang/NoSuchFieldError': method resolution failed> (0x00000007ab005000) thrown at [/Users/java_re/workspace/8-2-build-macosx-x86_64/jdk8u51/3951/hotspot/src/share/vm/prims/methodHandles.cpp, line 1125]
Event: 1.004 Thread 0x00007ff2f304f000 Exception <a 'java/lang/NoSuchFieldError': method resolution failed> (0x00000007ab0136a0) thrown at [/Users/java_re/workspace/8-2-build-macosx-x86_64/jdk8u51/3951/hotspot/src/share/vm/prims/methodHandles.cpp, line 1125]
Event: 3.068 Thread 0x00007ff2f200b000 Exception <a 'java/security/PrivilegedActionException'> (0x00000007aac0a3b0) thrown at [/Users/java_re/workspace/8-2-build-macosx-x86_64/jdk8u51/3951/hotspot/src/share/vm/prims/jvm.cpp, line 1382]
Event: 3.069 Thread 0x00007ff2f200b000 Exception <a 'java/security/PrivilegedActionException'> (0x00000007aac0bee8) thrown at [/Users/java_re/workspace/8-2-build-macosx-x86_64/jdk8u51/3951/hotspot/src/share/vm/prims/jvm.cpp, line 1382]
Event: 3.069 Thread 0x00007ff2f200b000 Exception <a 'java/security/PrivilegedActionException'> (0x00000007aac0cf58) thrown at [/Users/java_re/workspace/8-2-build-macosx-x86_64/jdk8u51/3951/hotspot/src/share/vm/prims/jvm.cpp, line 1382]
Event: 3.069 Thread 0x00007ff2f200b000 Exception <a 'java/security/PrivilegedActionException'> (0x00000007aac11f08) thrown at [/Users/java_re/workspace/8-2-build-macosx-x86_64/jdk8u51/3951/hotspot/src/share/vm/prims/jvm.cpp, line 1382]
Event: 3.069 Thread 0x00007ff2f200b000 Exception <a 'java/security/PrivilegedActionException'> (0x00000007aac12ab0) thrown at [/Users/java_re/workspace/8-2-build-macosx-x86_64/jdk8u51/3951/hotspot/src/share/vm/prims/jvm.cpp, line 1382]
Event: 3.069 Thread 0x00007ff2f200b000 Exception <a 'java/security/PrivilegedActionException'> (0x00000007aac13628) thrown at [/Users/java_re/workspace/8-2-build-macosx-x86_64/jdk8u51/3951/hotspot/src/share/vm/prims/jvm.cpp, line 1382]

Events (10 events):
Event: 8.462 loading class org/newdawn/slick/Image
Event: 8.462 loading class org/newdawn/slick/Image done
Event: 8.462 loading class JACCGames/Hexles/Objects/Hex
Event: 8.462 loading class JACCGames/Hexles/Objects/Hex done
Event: 8.463 loading class org/newdawn/slick/Image
Event: 8.463 loading class org/newdawn/slick/Image done
Event: 8.463 loading class org/newdawn/slick/Image
Event: 8.463 loading class org/newdawn/slick/Image done
Event: 8.479 loading class org/lwjgl/opengl/CallbackUtil
Event: 8.479 loading class org/lwjgl/opengl/CallbackUtil done


Dynamic libraries:
0x000000000bb78000 	/System/Library/Frameworks/Cocoa.framework/Versions/A/Cocoa
0x000000000bb78000 	/System/Library/Frameworks/Security.framework/Versions/A/Security
0x000000000bb78000 	/System/Library/Frameworks/ApplicationServices.framework/Versions/A/ApplicationServices
0x000000000bb78000 	/usr/lib/libz.1.dylib
0x000000000bb78000 	/usr/lib/libSystem.B.dylib
0x000000000bb78000 	/usr/lib/libobjc.A.dylib
0x000000000bb78000 	/System/Library/Frameworks/CoreFoundation.framework/Versions/A/CoreFoundation
0x000000000bb78000 	/System/Library/Frameworks/Foundation.framework/Versions/C/Foundation
0x000000000bb78000 	/System/Library/Frameworks/AppKit.framework/Versions/C/AppKit
0x000000000bb78000 	/System/Library/Frameworks/CoreData.framework/Versions/A/CoreData
0x000000000bb78000 	/System/Library/PrivateFrameworks/RemoteViewServices.framework/Versions/A/RemoteViewServices
0x000000000bb78000 	/System/Library/PrivateFrameworks/UIFoundation.framework/Versions/A/UIFoundation
0x000000000bb78000 	/System/Library/Frameworks/IOSurface.framework/Versions/A/IOSurface
0x000000000bb78000 	/System/Library/Frameworks/AudioToolbox.framework/Versions/A/AudioToolbox
0x000000000bb78000 	/System/Library/Frameworks/AudioUnit.framework/Versions/A/AudioUnit
0x000000000bb78000 	/System/Library/PrivateFrameworks/DataDetectorsCore.framework/Versions/A/DataDetectorsCore
0x000000000bb78000 	/System/Library/PrivateFrameworks/DesktopServicesPriv.framework/Versions/A/DesktopServicesPriv
0x000000000bb78000 	/System/Library/Frameworks/Carbon.framework/Versions/A/Frameworks/HIToolbox.framework/Versions/A/HIToolbox
0x000000000bb78000 	/System/Library/Frameworks/QuartzCore.framework/Versions/A/QuartzCore
0x000000000bb78000 	/System/Library/Frameworks/Carbon.framework/Versions/A/Frameworks/SpeechRecognition.framework/Versions/A/SpeechRecognition
0x000000000bb78000 	/usr/lib/libauto.dylib
0x000000000bb78000 	/usr/lib/libicucore.A.dylib
0x000000000bb78000 	/usr/lib/libxml2.2.dylib
0x000000000bb78000 	/System/Library/PrivateFrameworks/CoreUI.framework/Versions/A/CoreUI
0x000000000bb78000 	/System/Library/Frameworks/CoreAudio.framework/Versions/A/CoreAudio
0x000000000bb78000 	/System/Library/Frameworks/DiskArbitration.framework/Versions/A/DiskArbitration
0x000000000bb78000 	/usr/lib/liblangid.dylib
0x000000000bb78000 	/System/Library/PrivateFrameworks/MultitouchSupport.framework/Versions/A/MultitouchSupport
0x000000000bb78000 	/System/Library/Frameworks/IOKit.framework/Versions/A/IOKit
0x000000000bb78000 	/usr/lib/libDiagnosticMessagesClient.dylib
0x000000000bb78000 	/System/Library/Frameworks/CoreServices.framework/Versions/A/CoreServices
0x000000000bb78000 	/System/Library/PrivateFrameworks/PerformanceAnalysis.framework/Versions/A/PerformanceAnalysis
0x000000000bb78000 	/System/Library/PrivateFrameworks/GenerationalStorage.framework/Versions/A/GenerationalStorage
0x000000000bb78000 	/System/Library/Frameworks/OpenGL.framework/Versions/A/OpenGL
0x000000000bb78000 	/System/Library/PrivateFrameworks/Sharing.framework/Versions/A/Sharing
0x000000000bb78000 	/System/Library/Frameworks/CoreGraphics.framework/Versions/A/CoreGraphics
0x000000000bb78000 	/System/Library/Frameworks/CoreText.framework/Versions/A/CoreText
0x000000000bb78000 	/System/Library/Frameworks/ImageIO.framework/Versions/A/ImageIO
0x000000000bb78000 	/usr/lib/libextension.dylib
0x000000000bb78000 	/System/Library/PrivateFrameworks/Backup.framework/Versions/A/Backup
0x000000000bb78000 	/usr/lib/libarchive.2.dylib
0x000000000bb78000 	/System/Library/Frameworks/CFNetwork.framework/Versions/A/CFNetwork
0x000000000bb78000 	/System/Library/Frameworks/SystemConfiguration.framework/Versions/A/SystemConfiguration
0x000000000bb78000 	/usr/lib/libCRFSuite.dylib
0x000000000bb78000 	/usr/lib/libc++.1.dylib
0x000000000bb78000 	/usr/lib/libc++abi.dylib
0x000000000bb78000 	/usr/lib/system/libcache.dylib
0x000000000bb78000 	/usr/lib/system/libcommonCrypto.dylib
0x000000000bb78000 	/usr/lib/system/libcompiler_rt.dylib
0x000000000bb78000 	/usr/lib/system/libcopyfile.dylib
0x000000000bb78000 	/usr/lib/system/libcorecrypto.dylib
0x000000000bb78000 	/usr/lib/system/libdispatch.dylib
0x000000000bb78000 	/usr/lib/system/libdyld.dylib
0x000000000bb78000 	/usr/lib/system/libkeymgr.dylib
0x000000000bb78000 	/usr/lib/system/liblaunch.dylib
0x000000000bb78000 	/usr/lib/system/libmacho.dylib
0x000000000bb78000 	/usr/lib/system/libquarantine.dylib
0x000000000bb78000 	/usr/lib/system/libremovefile.dylib
0x000000000bb78000 	/usr/lib/system/libsystem_asl.dylib
0x000000000bb78000 	/usr/lib/system/libsystem_blocks.dylib
0x000000000bb78000 	/usr/lib/system/libsystem_c.dylib
0x000000000bb78000 	/usr/lib/system/libsystem_configuration.dylib
0x000000000bb78000 	/usr/lib/system/libsystem_coreservices.dylib
0x000000000bb78000 	/usr/lib/system/libsystem_coretls.dylib
0x000000000bb78000 	/usr/lib/system/libsystem_dnssd.dylib
0x000000000bb78000 	/usr/lib/system/libsystem_info.dylib
0x000000000bb78000 	/usr/lib/system/libsystem_kernel.dylib
0x000000000bb78000 	/usr/lib/system/libsystem_m.dylib
0x000000000bb78000 	/usr/lib/system/libsystem_malloc.dylib
0x000000000bb78000 	/usr/lib/system/libsystem_network.dylib
0x000000000bb78000 	/usr/lib/system/libsystem_networkextension.dylib
0x000000000bb78000 	/usr/lib/system/libsystem_notify.dylib
0x000000000bb78000 	/usr/lib/system/libsystem_platform.dylib
0x000000000bb78000 	/usr/lib/system/libsystem_pthread.dylib
0x000000000bb78000 	/usr/lib/system/libsystem_sandbox.dylib
0x000000000bb78000 	/usr/lib/system/libsystem_secinit.dylib
0x000000000bb78000 	/usr/lib/system/libsystem_stats.dylib
0x000000000bb78000 	/usr/lib/system/libsystem_trace.dylib
0x000000000bb78000 	/usr/lib/system/libunc.dylib
0x000000000bb78000 	/usr/lib/system/libunwind.dylib
0x000000000bb78000 	/usr/lib/system/libxpc.dylib
0x000000000bb78000 	/usr/lib/libbz2.1.0.dylib
0x000000000bb78000 	/usr/lib/liblzma.5.dylib
0x000000000bb78000 	/usr/lib/libbsm.0.dylib
0x000000000bb78000 	/usr/lib/libsqlite3.dylib
0x000000000bb78000 	/usr/lib/system/libkxld.dylib
0x000000000bb78000 	/usr/lib/libxar.1.dylib
0x000000000bb78000 	/usr/lib/libpam.2.dylib
0x000000000bb78000 	/usr/lib/libOpenScriptingUtil.dylib
0x000000000bb78000 	/System/Library/Frameworks/CoreServices.framework/Versions/A/Frameworks/FSEvents.framework/Versions/A/FSEvents
0x000000000bb78000 	/System/Library/Frameworks/CoreServices.framework/Versions/A/Frameworks/CarbonCore.framework/Versions/A/CarbonCore
0x000000000bb78000 	/System/Library/Frameworks/CoreServices.framework/Versions/A/Frameworks/Metadata.framework/Versions/A/Metadata
0x000000000bb78000 	/System/Library/Frameworks/CoreServices.framework/Versions/A/Frameworks/OSServices.framework/Versions/A/OSServices
0x000000000bb78000 	/System/Library/Frameworks/CoreServices.framework/Versions/A/Frameworks/SearchKit.framework/Versions/A/SearchKit
0x000000000bb78000 	/System/Library/Frameworks/CoreServices.framework/Versions/A/Frameworks/AE.framework/Versions/A/AE
0x000000000bb78000 	/System/Library/Frameworks/CoreServices.framework/Versions/A/Frameworks/LaunchServices.framework/Versions/A/LaunchServices
0x000000000bb78000 	/System/Library/Frameworks/CoreServices.framework/Versions/A/Frameworks/DictionaryServices.framework/Versions/A/DictionaryServices
0x000000000bb78000 	/System/Library/Frameworks/NetFS.framework/Versions/A/NetFS
0x000000000bb78000 	/System/Library/PrivateFrameworks/NetAuth.framework/Versions/A/NetAuth
0x000000000bb78000 	/System/Library/PrivateFrameworks/login.framework/Versions/A/Frameworks/loginsupport.framework/Versions/A/loginsupport
0x000000000bb78000 	/System/Library/PrivateFrameworks/TCC.framework/Versions/A/TCC
0x000000000bb78000 	/usr/lib/libmecabra.dylib
0x000000000bb78000 	/System/Library/Frameworks/ApplicationServices.framework/Versions/A/Frameworks/ATS.framework/Versions/A/ATS
0x000000000bb78000 	/System/Library/Frameworks/ApplicationServices.framework/Versions/A/Frameworks/ColorSync.framework/Versions/A/ColorSync
0x000000000bb78000 	/System/Library/Frameworks/ApplicationServices.framework/Versions/A/Frameworks/HIServices.framework/Versions/A/HIServices
0x000000000bb78000 	/System/Library/Frameworks/ApplicationServices.framework/Versions/A/Frameworks/LangAnalysis.framework/Versions/A/LangAnalysis
0x000000000bb78000 	/System/Library/Frameworks/ApplicationServices.framework/Versions/A/Frameworks/PrintCore.framework/Versions/A/PrintCore
0x000000000bb78000 	/System/Library/Frameworks/ApplicationServices.framework/Versions/A/Frameworks/QD.framework/Versions/A/QD
0x000000000bb78000 	/System/Library/Frameworks/ApplicationServices.framework/Versions/A/Frameworks/SpeechSynthesis.framework/Versions/A/SpeechSynthesis
0x000000000bb78000 	/System/Library/Frameworks/Accelerate.framework/Versions/A/Accelerate
0x000000000bb78000 	/System/Library/Frameworks/Accelerate.framework/Versions/A/Frameworks/vImage.framework/Versions/A/vImage
0x000000000bb78000 	/System/Library/Frameworks/Accelerate.framework/Versions/A/Frameworks/vecLib.framework/Versions/A/vecLib
0x000000000bb78000 	/System/Library/Frameworks/Accelerate.framework/Versions/A/Frameworks/vecLib.framework/Versions/A/libvDSP.dylib
0x000000000bb78000 	/System/Library/Frameworks/Accelerate.framework/Versions/A/Frameworks/vecLib.framework/Versions/A/libvMisc.dylib
0x000000000bb78000 	/System/Library/Frameworks/Accelerate.framework/Versions/A/Frameworks/vecLib.framework/Versions/A/libLAPACK.dylib
0x000000000bb78000 	/System/Library/Frameworks/Accelerate.framework/Versions/A/Frameworks/vecLib.framework/Versions/A/libBLAS.dylib
0x000000000bb78000 	/System/Library/Frameworks/Accelerate.framework/Versions/A/Frameworks/vecLib.framework/Versions/A/libLinearAlgebra.dylib
0x000000000bb78000 	/System/Library/Frameworks/ApplicationServices.framework/Versions/A/Frameworks/ATS.framework/Versions/A/Resources/libFontParser.dylib
0x000000000bb78000 	/System/Library/Frameworks/ApplicationServices.framework/Versions/A/Frameworks/ATS.framework/Versions/A/Resources/libFontRegistry.dylib
0x000000000bb78000 	/System/Library/PrivateFrameworks/AppleVPA.framework/Versions/A/AppleVPA
0x000000000bb78000 	/System/Library/PrivateFrameworks/AppleJPEG.framework/Versions/A/AppleJPEG
0x000000000bb78000 	/System/Library/Frameworks/ImageIO.framework/Versions/A/Resources/libJPEG.dylib
0x000000000bb78000 	/System/Library/Frameworks/ImageIO.framework/Versions/A/Resources/libTIFF.dylib
0x000000000bb78000 	/System/Library/Frameworks/ImageIO.framework/Versions/A/Resources/libPng.dylib
0x000000000bb78000 	/System/Library/Frameworks/ImageIO.framework/Versions/A/Resources/libGIF.dylib
0x000000000bb78000 	/System/Library/Frameworks/ImageIO.framework/Versions/A/Resources/libJP2.dylib
0x000000000bb78000 	/System/Library/Frameworks/ImageIO.framework/Versions/A/Resources/libRadiance.dylib
0x000000000bb78000 	/System/Library/Frameworks/CoreVideo.framework/Versions/A/CoreVideo
0x000000000bb78000 	/System/Library/Frameworks/OpenGL.framework/Versions/A/Libraries/libGLU.dylib
0x000000000bb78000 	/System/Library/Frameworks/OpenGL.framework/Versions/A/Libraries/libGFXShared.dylib
0x000000000bb78000 	/System/Library/Frameworks/OpenGL.framework/Versions/A/Libraries/libGL.dylib
0x000000000bb78000 	/System/Library/Frameworks/OpenGL.framework/Versions/A/Libraries/libGLImage.dylib
0x000000000bb78000 	/System/Library/Frameworks/OpenGL.framework/Versions/A/Libraries/libCVMSPluginSupport.dylib
0x000000000bb78000 	/System/Library/Frameworks/OpenGL.framework/Versions/A/Libraries/libCoreVMClient.dylib
0x000000000bb78000 	/usr/lib/libcups.2.dylib
0x000000000bb78000 	/System/Library/Frameworks/Kerberos.framework/Versions/A/Kerberos
0x000000000bb78000 	/System/Library/Frameworks/GSS.framework/Versions/A/GSS
0x000000000bb78000 	/usr/lib/libresolv.9.dylib
0x000000000bb78000 	/usr/lib/libiconv.2.dylib
0x000000000bb78000 	/System/Library/PrivateFrameworks/Heimdal.framework/Versions/A/Heimdal
0x000000000bb78000 	/usr/lib/libheimdal-asn1.dylib
0x000000000bb78000 	/System/Library/Frameworks/OpenDirectory.framework/Versions/A/OpenDirectory
0x000000000bb78000 	/System/Library/PrivateFrameworks/CommonAuth.framework/Versions/A/CommonAuth
0x000000000bb78000 	/System/Library/Frameworks/OpenDirectory.framework/Versions/A/Frameworks/CFOpenDirectory.framework/Versions/A/CFOpenDirectory
0x000000000bb78000 	/System/Library/Frameworks/SecurityFoundation.framework/Versions/A/SecurityFoundation
0x000000000bb78000 	/System/Library/PrivateFrameworks/LanguageModeling.framework/Versions/A/LanguageModeling
0x000000000bb78000 	/usr/lib/libcmph.dylib
0x000000000bb78000 	/System/Library/Frameworks/ServiceManagement.framework/Versions/A/ServiceManagement
0x000000000bb78000 	/usr/lib/libxslt.1.dylib
0x000000000bb78000 	/System/Library/Frameworks/Carbon.framework/Versions/A/Frameworks/Ink.framework/Versions/A/Ink
0x000000000bb78000 	/System/Library/Frameworks/QuartzCore.framework/Versions/A/Frameworks/CoreImage.framework/Versions/A/CoreImage
0x000000000bb78000 	/System/Library/PrivateFrameworks/CrashReporterSupport.framework/Versions/A/CrashReporterSupport
0x000000000bb78000 	/System/Library/Frameworks/OpenCL.framework/Versions/A/OpenCL
0x000000000bb78000 	/System/Library/PrivateFrameworks/FaceCore.framework/Versions/A/FaceCore
0x000000000bb78000 	/System/Library/PrivateFrameworks/Ubiquity.framework/Versions/A/Ubiquity
0x000000000bb78000 	/System/Library/PrivateFrameworks/IconServices.framework/Versions/A/IconServices
0x000000000bb78000 	/System/Library/PrivateFrameworks/ChunkingLibrary.framework/Versions/A/ChunkingLibrary
0x000000000bb78000 	/System/Library/PrivateFrameworks/Apple80211.framework/Versions/A/Apple80211
0x000000000bb78000 	/System/Library/Frameworks/CoreWLAN.framework/Versions/A/CoreWLAN
0x000000000bb78000 	/System/Library/Frameworks/IOBluetooth.framework/Versions/A/IOBluetooth
0x000000000bb78000 	/System/Library/PrivateFrameworks/CoreWiFi.framework/Versions/A/CoreWiFi
0x000000000bb78000 	/System/Library/Frameworks/CoreBluetooth.framework/Versions/A/CoreBluetooth
0x000000000bb78000 	/System/Library/PrivateFrameworks/DebugSymbols.framework/Versions/A/DebugSymbols
0x000000000bb78000 	/System/Library/PrivateFrameworks/CoreSymbolication.framework/Versions/A/CoreSymbolication
0x000000000bb78000 	/System/Library/PrivateFrameworks/Symbolication.framework/Versions/A/Symbolication
0x000000000bb78000 	/System/Library/PrivateFrameworks/SpeechRecognitionCore.framework/Versions/A/SpeechRecognitionCore
0x000000010af7a000 	/Library/Java/JavaVirtualMachines/jdk1.8.0_51.jdk/Contents/Home/jre/lib/server/libjvm.dylib
0x000000000bb78000 	/usr/lib/libstdc++.6.dylib
0x000000010bfe6000 	/Library/Java/JavaVirtualMachines/jdk1.8.0_51.jdk/Contents/Home/jre/lib/libverify.dylib
0x000000010bff4000 	/Library/Java/JavaVirtualMachines/jdk1.8.0_51.jdk/Contents/Home/jre/lib/libjava.dylib
0x000000010c04a000 	/Library/Java/JavaVirtualMachines/jdk1.8.0_51.jdk/Contents/Home/jre/lib/libzip.dylib
0x000000012037d000 	/System/Library/Frameworks/JavaVM.framework/Frameworks/JavaRuntimeSupport.framework/JavaRuntimeSupport
0x000000010c1e6000 	/System/Library/Frameworks/JavaVM.framework/Versions/A/Frameworks/JavaNativeFoundation.framework/Versions/A/JavaNativeFoundation
0x0000000120398000 	/System/Library/Frameworks/JavaVM.framework/Versions/A/JavaVM
0x000000000bb78000 	/System/Library/Frameworks/Carbon.framework/Versions/A/Carbon
0x00000001203a5000 	/System/Library/PrivateFrameworks/JavaLaunching.framework/Versions/A/JavaLaunching
0x000000000bb78000 	/System/Library/Frameworks/Carbon.framework/Versions/A/Frameworks/CommonPanels.framework/Versions/A/CommonPanels
0x000000000bb78000 	/System/Library/Frameworks/Carbon.framework/Versions/A/Frameworks/Help.framework/Versions/A/Help
0x000000000bb78000 	/System/Library/Frameworks/Carbon.framework/Versions/A/Frameworks/ImageCapture.framework/Versions/A/ImageCapture
0x000000000bb78000 	/System/Library/Frameworks/Carbon.framework/Versions/A/Frameworks/OpenScripting.framework/Versions/A/OpenScripting
0x000000000bb78000 	/System/Library/Frameworks/Carbon.framework/Versions/A/Frameworks/Print.framework/Versions/A/Print
0x000000000bb78000 	/System/Library/Frameworks/Carbon.framework/Versions/A/Frameworks/SecurityHI.framework/Versions/A/SecurityHI
0x000000012239f000 	/Users/cowaldon859/Desktop/IntelliJ IDEA 15 CE.app/Contents/bin/libbreakgen64.jnilib
0x00000001224a5000 	/Library/Java/JavaVirtualMachines/jdk1.8.0_51.jdk/Contents/Home/jre/lib/libnet.dylib
0x0000000122504000 	/Library/Java/JavaVirtualMachines/jdk1.8.0_51.jdk/Contents/Home/jre/lib/libawt.dylib
0x00000001225ac000 	/Library/Java/JavaVirtualMachines/jdk1.8.0_51.jdk/Contents/Home/jre/lib/./libmlib_image.dylib
0x0000000122678000 	/Library/Java/JavaVirtualMachines/jdk1.8.0_51.jdk/Contents/Home/jre/lib/libawt_lwawt.dylib
0x000000012272c000 	/Library/Java/JavaVirtualMachines/jdk1.8.0_51.jdk/Contents/Home/jre/lib/./libosxapp.dylib
0x000000000bb78000 	/System/Library/Frameworks/ExceptionHandling.framework/Versions/A/ExceptionHandling
0x000000000bb78000 	/System/Library/PrivateFrameworks/CoreServicesInternal.framework/Versions/A/CoreServicesInternal
0x000000000bb78000 	/System/Library/PrivateFrameworks/CloudDocs.framework/Versions/A/CloudDocs
0x000000000bb78000 	/System/Library/PrivateFrameworks/CoreDuet.framework/Versions/A/CoreDuet
0x000000000bb78000 	/System/Library/Frameworks/CloudKit.framework/Versions/A/CloudKit
0x000000000bb78000 	/System/Library/PrivateFrameworks/ProtocolBuffer.framework/Versions/A/ProtocolBuffer
0x000000000bb78000 	/System/Library/PrivateFrameworks/CoreDuetDaemonProtocol.framework/Versions/A/CoreDuetDaemonProtocol
0x000000000bb78000 	/System/Library/PrivateFrameworks/CoreDuetDebugLogging.framework/Versions/A/CoreDuetDebugLogging
0x000000000bb78000 	/System/Library/PrivateFrameworks/MMCS.framework/Versions/A/MMCS
0x000000000bb78000 	/System/Library/Frameworks/CoreLocation.framework/Versions/A/CoreLocation
0x000000000bb78000 	/System/Library/PrivateFrameworks/ProtectedCloudStorage.framework/Versions/A/ProtectedCloudStorage
0x000000000bb78000 	/System/Library/PrivateFrameworks/GeoServices.framework/Versions/A/GeoServices
0x000000000bb78000 	/System/Library/Frameworks/CoreGraphics.framework/Versions/A/Resources/libCGCMS.A.dylib
0x000000000bb78000 	/System/Library/Frameworks/CoreGraphics.framework/Versions/A/Resources/libRIP.A.dylib
0x000000000bb78000 	/System/Library/Frameworks/CoreGraphics.framework/Versions/A/Resources/libCGXType.A.dylib
0x000000000bb78000 	/System/Library/Frameworks/OpenCL.framework/Versions/A/Libraries/libcldcpuengine.dylib
0x000000000bb78000 	/System/Library/PrivateFrameworks/DiskImages.framework/Versions/A/DiskImages
0x000000000bb78000 	/System/Library/Frameworks/DiscRecording.framework/Versions/A/DiscRecording
0x000000000bb78000 	/usr/lib/libcsfde.dylib
0x000000000bb78000 	/usr/lib/libcurl.4.dylib
0x000000000bb78000 	/System/Library/PrivateFrameworks/MediaKit.framework/Versions/A/MediaKit
0x000000000bb78000 	/usr/lib/libCoreStorage.dylib
0x000000000bb78000 	/System/Library/PrivateFrameworks/EFILogin.framework/Versions/A/EFILogin
0x000000000bb78000 	/usr/lib/libutil.dylib
0x000000000bb78000 	/System/Library/PrivateFrameworks/FindMyDevice.framework/Versions/A/FindMyDevice
0x000000000bb78000 	/System/Library/Frameworks/LDAP.framework/Versions/A/LDAP
0x000000000bb78000 	/usr/lib/libsasl2.2.dylib
0x000000000bb78000 	/System/Library/PrivateFrameworks/CoreDaemon.framework/Versions/B/CoreDaemon
0x000000000bb78000 	/usr/lib/libcrypto.0.9.8.dylib
0x000000000bb78000 	/System/Library/PrivateFrameworks/AppleSRP.framework/Versions/A/AppleSRP
0x000000000bb78000 	/System/Library/PrivateFrameworks/TrustEvaluationAgent.framework/Versions/A/TrustEvaluationAgent
0x0000000125653000 	cl_kernels
0x0000000125655000 	/System/Library/Frameworks/OpenCL.framework/Versions/A/Libraries/ImageFormats/unorm8_bgra.dylib
0x0000000125644000 	cl_kernels
0x000000000bb78000 	/System/Library/PrivateFrameworks/FamilyControls.framework/Versions/A/FamilyControls
0x000000000bb78000 	/System/Library/PrivateFrameworks/CommerceKit.framework/Versions/A/Frameworks/CommerceCore.framework/Versions/A/CommerceCore
0x000000000bb78000 	/System/Library/PrivateFrameworks/SystemAdministration.framework/Versions/A/SystemAdministration
0x000000000bb78000 	/System/Library/PrivateFrameworks/AppContainer.framework/Versions/A/AppContainer
0x000000000bb78000 	/System/Library/PrivateFrameworks/SecCodeWrapper.framework/Versions/A/SecCodeWrapper
0x000000000bb78000 	/System/Library/Frameworks/DirectoryService.framework/Versions/A/DirectoryService
0x000000000bb78000 	/System/Library/PrivateFrameworks/LoginUIKit.framework/Versions/A/Frameworks/LoginUICore.framework/Versions/A/LoginUICore
0x000000000bb78000 	/usr/lib/libodfde.dylib
0x0000000126920000 	/Library/Java/JavaVirtualMachines/jdk1.8.0_51.jdk/Contents/Home/jre/lib/libfontmanager.dylib
0x0000000126987000 	/Users/cowaldon859/Downloads/Hexles/libs/natives/macosx/liblwjgl.dylib
0x0000000124b87000 	/Library/Java/JavaVirtualMachines/jdk1.8.0_51.jdk/Contents/Home/jre/lib/libjawt.dylib
0x000000000bb78000 	/System/Library/Frameworks/OpenGL.framework/Versions/A/Resources/GLEngine.bundle/GLEngine
0x000000000bb78000 	/System/Library/Frameworks/OpenGL.framework/Versions/A/Libraries/libGLProgrammability.dylib
0x0000000126a13000 	/System/Library/Extensions/AppleIntelHD5000GraphicsGLDriver.bundle/Contents/MacOS/AppleIntelHD5000GraphicsGLDriver
0x000000000bb78000 	/System/Library/PrivateFrameworks/IOAccelerator.framework/Versions/A/IOAccelerator
0x000000000bb78000 	/System/Library/PrivateFrameworks/GPUSupport.framework/Versions/A/Libraries/libGPUSupportMercury.dylib
0x000000000bb78000 	/System/Library/Frameworks/OpenGL.framework/Versions/A/Resources/GLRendererFloat.bundle/GLRendererFloat
0x0000000127ae0000 	/Users/cowaldon859/Downloads/Hexles/libs/natives/macosx/libjinput-osx.dylib
0x0000000127ae5000 	/System/Library/Extensions/IOHIDFamily.kext/Contents/PlugIns/IOHIDLib.plugin/Contents/MacOS/IOHIDLib
0x0000000129b54000 	/Users/cowaldon859/Downloads/Hexles/libs/natives/macosx/openal.dylib
0x0000000129bd8000 	/System/Library/Components/CoreAudio.component/Contents/MacOS/CoreAudio
0x0000000129eb1000 	/System/Library/Extensions/AppleHDA.kext/Contents/PlugIns/AppleHDAHALPlugIn.bundle/Contents/MacOS/AppleHDAHALPlugIn

VM Arguments:
jvm_args: -Djava.library.path=libs/natives/macosx -Didea.launcher.port=7548 -Didea.launcher.bin.path=/Users/cowaldon859/Desktop/IntelliJ IDEA 15 CE.app/Contents/bin -Dfile.encoding=UTF-8 
java_command: com.intellij.rt.execution.application.AppMain JACCGames.Hexles.Main
java_class_path (initial): /Library/Java/JavaVirtualMachines/jdk1.8.0_51.jdk/Contents/Home/jre/lib/charsets.jar:/Library/Java/JavaVirtualMachines/jdk1.8.0_51.jdk/Contents/Home/jre/lib/deploy.jar:/Library/Java/JavaVirtualMachines/jdk1.8.0_51.jdk/Contents/Home/jre/lib/ext/cldrdata.jar:/Library/Java/JavaVirtualMachines/jdk1.8.0_51.jdk/Contents/Home/jre/lib/ext/dnsns.jar:/Library/Java/JavaVirtualMachines/jdk1.8.0_51.jdk/Contents/Home/jre/lib/ext/jfxrt.jar:/Library/Java/JavaVirtualMachines/jdk1.8.0_51.jdk/Contents/Home/jre/lib/ext/localedata.jar:/Library/Java/JavaVirtualMachines/jdk1.8.0_51.jdk/Contents/Home/jre/lib/ext/nashorn.jar:/Library/Java/JavaVirtualMachines/jdk1.8.0_51.jdk/Contents/Home/jre/lib/ext/sunec.jar:/Library/Java/JavaVirtualMachines/jdk1.8.0_51.jdk/Contents/Home/jre/lib/ext/sunjce_provider.jar:/Library/Java/JavaVirtualMachines/jdk1.8.0_51.jdk/Contents/Home/jre/lib/ext/sunpkcs11.jar:/Library/Java/JavaVirtualMachines/jdk1.8.0_51.jdk/Contents/Home/jre/lib/ext/zipfs.jar:/Library/Java/JavaVirtualMachines/jdk1.8.0_51.jdk/Contents/Home/jre/lib/javaws.jar:/Library/Java/JavaVirtualMachines/jdk1.8.0_51.jdk/Contents/Home/jre/lib/jce.jar:/Library/Java/JavaVirtualMachines/jdk1.8.0_51.jdk/Contents/Home/jre/lib/jfr.jar:/Library/Java/JavaVirtualMachines/jdk1.8.0_51.jdk/Contents/Home/jre/lib/jfxswt.jar:/Library/Java/JavaVirtualMachines/jdk1.8.0_51.jdk/Contents/Home/jre/lib/jsse.jar:/Library/Java/JavaVirtualMachines/jdk1.8.0_51.jdk/Contents/Home/jre/lib/management-agent.jar:/Library/Java/JavaVirtualMachines/jdk1.8.0_51.jdk/Contents/Home/jre/lib/plugin.jar:/Library/Java/JavaVirtualMachines/jdk1.8.0_51.jdk/Contents/Home/jre/lib/resources.jar:/Library/Java/JavaVirtualMachines/jdk1.8.0_51.jdk/Contents/Home/jre/lib/rt.jar:/Library/Java/JavaVirtualMachines/jdk1.8.0_51.jdk/Contents/Home/lib/ant-javafx.jar:/Library/Java/JavaVirtualMachines/jdk1.8.0_51.jdk/Contents/Home/lib/dt.jar:/Library/Java/JavaVirtualMachines/jdk1.8.0_51.jdk/Contents/Home/lib/javafx-mx.jar:/Library/Java/Jav
Launcher Type: SUN_STANDARD

Environment Variables:
PATH=/usr/local/bin:/usr/bin:/bin:/usr/sbin:/sbin
SHELL=/bin/bash

Signal Handlers:
SIGSEGV: [libjvm.dylib+0x58ef35], sa_mask[0]=11111111011111110111111111111111, sa_flags=SA_ONSTACK|SA_RESTART|SA_SIGINFO
SIGBUS: [libjvm.dylib+0x58ef35], sa_mask[0]=11111111011111110111111111111111, sa_flags=SA_RESTART|SA_SIGINFO
SIGFPE: [libjvm.dylib+0x46c028], sa_mask[0]=11111111011111110111111111111111, sa_flags=SA_RESTART|SA_SIGINFO
SIGPIPE: [libjvm.dylib+0x46c028], sa_mask[0]=11111111011111110111111111111111, sa_flags=SA_RESTART|SA_SIGINFO
SIGXFSZ: [libjvm.dylib+0x46c028], sa_mask[0]=11111111011111110111111111111111, sa_flags=SA_RESTART|SA_SIGINFO
SIGILL: [libjvm.dylib+0x46c028], sa_mask[0]=11111111011111110111111111111111, sa_flags=SA_RESTART|SA_SIGINFO
SIGUSR1: SIG_DFL, sa_mask[0]=00000000000000000000000000000000, sa_flags=none
SIGUSR2: [libjvm.dylib+0x46bb46], sa_mask[0]=00100000000000000000000000000000, sa_flags=SA_RESTART|SA_SIGINFO
SIGHUP: [libjvm.dylib+0x46a119], sa_mask[0]=11111111011111110111111111111111, sa_flags=SA_RESTART|SA_SIGINFO
SIGINT: [libjvm.dylib+0x46a119], sa_mask[0]=11111111011111110111111111111111, sa_flags=SA_RESTART|SA_SIGINFO
SIGTERM: [libjvm.dylib+0x46a119], sa_mask[0]=11111111011111110111111111111111, sa_flags=SA_RESTART|SA_SIGINFO
SIGQUIT: [libjvm.dylib+0x46a119], sa_mask[0]=11111111011111110111111111111111, sa_flags=SA_RESTART|SA_SIGINFO


---------------  S Y S T E M  ---------------

OS:Bsduname:Darwin 14.5.0 Darwin Kernel Version 14.5.0: Wed Jul 29 02:26:53 PDT 2015; root:xnu-2782.40.9~1/RELEASE_X86_64 x86_64
rlimit: STACK 8192k, CORE 0k, NPROC 709, NOFILE 10240, AS infinity
load average:4.28 3.42 2.99

CPU:total 4 (2 cores per cpu, 2 threads per core) family 6 model 69 stepping 1, cmov, cx8, fxsr, mmx, sse, sse2, sse3, ssse3, sse4.1, sse4.2, popcnt, avx, avx2, aes, clmul, erms, lzcnt, ht, tsc, tscinvbit, bmi1, bmi2

Memory: 4k page, physical 4194304k(69004k free)

/proc/meminfo:


vm_info: Java HotSpot(TM) 64-Bit Server VM (25.51-b03) for bsd-amd64 JRE (1.8.0_51-b16), built on Jun  8 2015 18:01:11 by "java_re" with gcc 4.2.1 (Based on Apple Inc. build 5658) (LLVM build 2336.11.00)

time: Wed Feb 24 12:59:33 2016
elapsed time: 8 seconds (0d 0h 0m 8s)

